.android/plugins_build_output/flutter_nfc_kit/intermediates/manifest_merge_blame_file/profile/manifest-merger-blame-profile-report.txt
1<?xml version="1.0" encoding="utf-8"?>
2<manifest xmlns:android="http://schemas.android.com/apk/res/android"
3    package="im.nfc.flutter_nfc_kit" >
4
5    <uses-sdk
6        android:minSdkVersion="19"
6-->src\main\AndroidManifest.xml
7        android:targetSdkVersion="19" />
7-->src\main\AndroidManifest.xml
8
9    <uses-permission android:name="android.permission.NFC" />
9-->src\main\AndroidManifest.xml:2:5-61
9-->src\main\AndroidManifest.xml:2:22-59
10
11</manifest>